[0.016s] Invoking command in '/home/kamau/Documents/ros2_laser_odom/build/ros2_laser_scan_matcher': AMENT_PREFIX_PATH=/home/kamau/Documents/ros2_laser_odom/install/csm:${AMENT_PREFIX_PATH} CMAKE_PREFIX_PATH=/home/kamau/Documents/ros2_laser_odom/install/csm:/home/kamau/SLAM_WS/install/slambot_description:/home/kamau/SLAM_WS/install/cpp_pkg:/home/kamau/Documents/hiwonder/install/xarm_planner:/home/kamau/Documents/hiwonder/install/xarm_moveit_servo:/home/kamau/Documents/hiwonder/install/xarm_moveit_config:/home/kamau/Documents/hiwonder/install/xarm_gazebo:/home/kamau/Documents/hiwonder/install/xarm_controller:/home/kamau/Documents/hiwonder/install/xarm_api:/home/kamau/Documents/hiwonder/install/xarm_sdk:/home/kamau/Documents/hiwonder/install/xarm_msgs:/home/kamau/Documents/hiwonder/install/xarm_description:/home/kamau/Documents/hiwonder/install/realsense_gazebo_plugin:/home/kamau/SLAM_WS/install/my_py_pkg:/home/kamau/SLAM_WS/install/controller:/home/kamau/Documents/hiwonder/install/uf_ros_lib:/home/kamau/Documents/hiwonder/install/hiwonder_teleop:/opt/ros/humble LD_LIBRARY_PATH=/home/kamau/Documents/ros2_laser_odom/install/csm/lib:${LD_LIBRARY_PATH} /usr/bin/cmake /home/kamau/Documents/ros2_laser_odom/ros2_laser_scan_matcher -DCMAKE_INSTALL_PREFIX=/home/kamau/Documents/ros2_laser_odom/install/ros2_laser_scan_matcher
[0.038s] -- Found ament_cmake: 1.3.10 (/opt/ros/humble/share/ament_cmake/cmake)
[0.221s] -- Found sensor_msgs: 4.2.4 (/opt/ros/humble/share/sensor_msgs/cmake)
[0.256s] -- Found rosidl_generator_c: 3.1.5 (/opt/ros/humble/share/rosidl_generator_c/cmake)
[0.259s] -- Found rosidl_adapter: 3.1.5 (/opt/ros/humble/share/rosidl_adapter/cmake)
[0.267s] -- Found rosidl_generator_cpp: 3.1.5 (/opt/ros/humble/share/rosidl_generator_cpp/cmake)
[0.280s] -- Using all available rosidl_typesupport_c: rosidl_typesupport_fastrtps_c;rosidl_typesupport_introspection_c
[0.301s] -- Using all available rosidl_typesupport_cpp: rosidl_typesupport_fastrtps_cpp;rosidl_typesupport_introspection_cpp
[0.373s] -- Found rclcpp: 16.0.10 (/opt/ros/humble/share/rclcpp/cmake)
[0.410s] -- Found rmw_implementation_cmake: 6.1.2 (/opt/ros/humble/share/rmw_implementation_cmake/cmake)
[0.413s] -- Found rmw_cyclonedds_cpp: 1.3.4 (/opt/ros/humble/share/rmw_cyclonedds_cpp/cmake)
[0.437s] -- Using RMW implementation 'rmw_cyclonedds_cpp' as default
[0.485s] -- Found nav_msgs: 4.2.4 (/opt/ros/humble/share/nav_msgs/cmake)
[0.509s] -- Found tf2_ros: 0.25.7 (/opt/ros/humble/share/tf2_ros/cmake)
[0.620s] -- Found tf2_geometry_msgs: 0.25.7 (/opt/ros/humble/share/tf2_geometry_msgs/cmake)
[0.624s] -- Found eigen3_cmake_module: 0.1.1 (/opt/ros/humble/share/eigen3_cmake_module/cmake)
[0.625s] -- Ensuring Eigen3 include directory is part of orocos-kdl CMake target
[0.633s] -- Found csm: 0.0.0 (/home/kamau/Documents/ros2_laser_odom/install/csm/share/csm/cmake)
[0.677s] -- Found Boost: /usr/lib/x86_64-linux-gnu/cmake/Boost-1.74.0/BoostConfig.cmake (found version "1.74.0") found components: thread 
[0.796s] -- Configuring done
[0.822s] -- Generating done
[0.824s] -- Build files have been written to: /home/kamau/Documents/ros2_laser_odom/build/ros2_laser_scan_matcher
[0.838s] Invoked command in '/home/kamau/Documents/ros2_laser_odom/build/ros2_laser_scan_matcher' returned '0': AMENT_PREFIX_PATH=/home/kamau/Documents/ros2_laser_odom/install/csm:${AMENT_PREFIX_PATH} CMAKE_PREFIX_PATH=/home/kamau/Documents/ros2_laser_odom/install/csm:/home/kamau/SLAM_WS/install/slambot_description:/home/kamau/SLAM_WS/install/cpp_pkg:/home/kamau/Documents/hiwonder/install/xarm_planner:/home/kamau/Documents/hiwonder/install/xarm_moveit_servo:/home/kamau/Documents/hiwonder/install/xarm_moveit_config:/home/kamau/Documents/hiwonder/install/xarm_gazebo:/home/kamau/Documents/hiwonder/install/xarm_controller:/home/kamau/Documents/hiwonder/install/xarm_api:/home/kamau/Documents/hiwonder/install/xarm_sdk:/home/kamau/Documents/hiwonder/install/xarm_msgs:/home/kamau/Documents/hiwonder/install/xarm_description:/home/kamau/Documents/hiwonder/install/realsense_gazebo_plugin:/home/kamau/SLAM_WS/install/my_py_pkg:/home/kamau/SLAM_WS/install/controller:/home/kamau/Documents/hiwonder/install/uf_ros_lib:/home/kamau/Documents/hiwonder/install/hiwonder_teleop:/opt/ros/humble LD_LIBRARY_PATH=/home/kamau/Documents/ros2_laser_odom/install/csm/lib:${LD_LIBRARY_PATH} /usr/bin/cmake /home/kamau/Documents/ros2_laser_odom/ros2_laser_scan_matcher -DCMAKE_INSTALL_PREFIX=/home/kamau/Documents/ros2_laser_odom/install/ros2_laser_scan_matcher
[0.840s] Invoking command in '/home/kamau/Documents/ros2_laser_odom/build/ros2_laser_scan_matcher': AMENT_PREFIX_PATH=/home/kamau/Documents/ros2_laser_odom/install/csm:${AMENT_PREFIX_PATH} CMAKE_PREFIX_PATH=/home/kamau/Documents/ros2_laser_odom/install/csm:/home/kamau/SLAM_WS/install/slambot_description:/home/kamau/SLAM_WS/install/cpp_pkg:/home/kamau/Documents/hiwonder/install/xarm_planner:/home/kamau/Documents/hiwonder/install/xarm_moveit_servo:/home/kamau/Documents/hiwonder/install/xarm_moveit_config:/home/kamau/Documents/hiwonder/install/xarm_gazebo:/home/kamau/Documents/hiwonder/install/xarm_controller:/home/kamau/Documents/hiwonder/install/xarm_api:/home/kamau/Documents/hiwonder/install/xarm_sdk:/home/kamau/Documents/hiwonder/install/xarm_msgs:/home/kamau/Documents/hiwonder/install/xarm_description:/home/kamau/Documents/hiwonder/install/realsense_gazebo_plugin:/home/kamau/SLAM_WS/install/my_py_pkg:/home/kamau/SLAM_WS/install/controller:/home/kamau/Documents/hiwonder/install/uf_ros_lib:/home/kamau/Documents/hiwonder/install/hiwonder_teleop:/opt/ros/humble LD_LIBRARY_PATH=/home/kamau/Documents/ros2_laser_odom/install/csm/lib:${LD_LIBRARY_PATH} /usr/bin/cmake --build /home/kamau/Documents/ros2_laser_odom/build/ros2_laser_scan_matcher -- -j4 -l4
[0.916s] [ 50%] [32mBuilding CXX object CMakeFiles/laser_scan_matcher.dir/src/laser_scan_matcher.cpp.o[0m
[1.503s] In file included from [01m[K/home/kamau/Documents/ros2_laser_odom/ros2_laser_scan_matcher/include/ros2_laser_scan_matcher/laser_scan_matcher.h:47[m[K,
[1.504s]                  from [01m[K/home/kamau/Documents/ros2_laser_odom/ros2_laser_scan_matcher/src/laser_scan_matcher.cpp:38[m[K:
[1.504s] [01m[K/opt/ros/humble/include/tf2_geometry_msgs/tf2_geometry_msgs/tf2_geometry_msgs.h:35:2:[m[K [01;35m[Kwarning: [m[K#warning This header is obsolete, please include tf2_geometry_msgs/tf2_geometry_msgs.hpp instead [[01;35m[K]8;;https://gcc.gnu.org/onlinedocs/gcc/Warning-Options.html#index-Wcpp-Wcpp]8;;[m[K]
[1.504s]    35 | #[01;35m[Kwarning[m[K This header is obsolete, please include tf2_geometry_msgs/tf2_geometry_msgs.hpp instead
[1.504s]       |  [01;35m[K^~~~~~~[m[K
[17.458s] [100%] [32m[1mLinking CXX executable laser_scan_matcher[0m
[18.528s] [100%] Built target laser_scan_matcher
[18.544s] Invoked command in '/home/kamau/Documents/ros2_laser_odom/build/ros2_laser_scan_matcher' returned '0': AMENT_PREFIX_PATH=/home/kamau/Documents/ros2_laser_odom/install/csm:${AMENT_PREFIX_PATH} CMAKE_PREFIX_PATH=/home/kamau/Documents/ros2_laser_odom/install/csm:/home/kamau/SLAM_WS/install/slambot_description:/home/kamau/SLAM_WS/install/cpp_pkg:/home/kamau/Documents/hiwonder/install/xarm_planner:/home/kamau/Documents/hiwonder/install/xarm_moveit_servo:/home/kamau/Documents/hiwonder/install/xarm_moveit_config:/home/kamau/Documents/hiwonder/install/xarm_gazebo:/home/kamau/Documents/hiwonder/install/xarm_controller:/home/kamau/Documents/hiwonder/install/xarm_api:/home/kamau/Documents/hiwonder/install/xarm_sdk:/home/kamau/Documents/hiwonder/install/xarm_msgs:/home/kamau/Documents/hiwonder/install/xarm_description:/home/kamau/Documents/hiwonder/install/realsense_gazebo_plugin:/home/kamau/SLAM_WS/install/my_py_pkg:/home/kamau/SLAM_WS/install/controller:/home/kamau/Documents/hiwonder/install/uf_ros_lib:/home/kamau/Documents/hiwonder/install/hiwonder_teleop:/opt/ros/humble LD_LIBRARY_PATH=/home/kamau/Documents/ros2_laser_odom/install/csm/lib:${LD_LIBRARY_PATH} /usr/bin/cmake --build /home/kamau/Documents/ros2_laser_odom/build/ros2_laser_scan_matcher -- -j4 -l4
[18.588s] Invoking command in '/home/kamau/Documents/ros2_laser_odom/build/ros2_laser_scan_matcher': AMENT_PREFIX_PATH=/home/kamau/Documents/ros2_laser_odom/install/csm:${AMENT_PREFIX_PATH} CMAKE_PREFIX_PATH=/home/kamau/Documents/ros2_laser_odom/install/csm:/home/kamau/SLAM_WS/install/slambot_description:/home/kamau/SLAM_WS/install/cpp_pkg:/home/kamau/Documents/hiwonder/install/xarm_planner:/home/kamau/Documents/hiwonder/install/xarm_moveit_servo:/home/kamau/Documents/hiwonder/install/xarm_moveit_config:/home/kamau/Documents/hiwonder/install/xarm_gazebo:/home/kamau/Documents/hiwonder/install/xarm_controller:/home/kamau/Documents/hiwonder/install/xarm_api:/home/kamau/Documents/hiwonder/install/xarm_sdk:/home/kamau/Documents/hiwonder/install/xarm_msgs:/home/kamau/Documents/hiwonder/install/xarm_description:/home/kamau/Documents/hiwonder/install/realsense_gazebo_plugin:/home/kamau/SLAM_WS/install/my_py_pkg:/home/kamau/SLAM_WS/install/controller:/home/kamau/Documents/hiwonder/install/uf_ros_lib:/home/kamau/Documents/hiwonder/install/hiwonder_teleop:/opt/ros/humble LD_LIBRARY_PATH=/home/kamau/Documents/ros2_laser_odom/install/csm/lib:${LD_LIBRARY_PATH} /usr/bin/cmake --install /home/kamau/Documents/ros2_laser_odom/build/ros2_laser_scan_matcher
[18.602s] -- Install configuration: ""
[18.603s] -- Installing: /home/kamau/Documents/ros2_laser_odom/install/ros2_laser_scan_matcher/lib/ros2_laser_scan_matcher/laser_scan_matcher
[18.607s] -- Set runtime path of "/home/kamau/Documents/ros2_laser_odom/install/ros2_laser_scan_matcher/lib/ros2_laser_scan_matcher/laser_scan_matcher" to ""
[18.607s] -- Installing: /home/kamau/Documents/ros2_laser_odom/install/ros2_laser_scan_matcher/share/ament_index/resource_index/package_run_dependencies/ros2_laser_scan_matcher
[18.608s] -- Installing: /home/kamau/Documents/ros2_laser_odom/install/ros2_laser_scan_matcher/share/ament_index/resource_index/parent_prefix_path/ros2_laser_scan_matcher
[18.608s] -- Installing: /home/kamau/Documents/ros2_laser_odom/install/ros2_laser_scan_matcher/share/ros2_laser_scan_matcher/environment/ament_prefix_path.sh
[18.608s] -- Installing: /home/kamau/Documents/ros2_laser_odom/install/ros2_laser_scan_matcher/share/ros2_laser_scan_matcher/environment/ament_prefix_path.dsv
[18.608s] -- Installing: /home/kamau/Documents/ros2_laser_odom/install/ros2_laser_scan_matcher/share/ros2_laser_scan_matcher/environment/path.sh
[18.609s] -- Installing: /home/kamau/Documents/ros2_laser_odom/install/ros2_laser_scan_matcher/share/ros2_laser_scan_matcher/environment/path.dsv
[18.609s] -- Installing: /home/kamau/Documents/ros2_laser_odom/install/ros2_laser_scan_matcher/share/ros2_laser_scan_matcher/local_setup.bash
[18.609s] -- Installing: /home/kamau/Documents/ros2_laser_odom/install/ros2_laser_scan_matcher/share/ros2_laser_scan_matcher/local_setup.sh
[18.609s] -- Installing: /home/kamau/Documents/ros2_laser_odom/install/ros2_laser_scan_matcher/share/ros2_laser_scan_matcher/local_setup.zsh
[18.610s] -- Installing: /home/kamau/Documents/ros2_laser_odom/install/ros2_laser_scan_matcher/share/ros2_laser_scan_matcher/local_setup.dsv
[18.610s] -- Installing: /home/kamau/Documents/ros2_laser_odom/install/ros2_laser_scan_matcher/share/ros2_laser_scan_matcher/package.dsv
[18.610s] -- Installing: /home/kamau/Documents/ros2_laser_odom/install/ros2_laser_scan_matcher/share/ament_index/resource_index/packages/ros2_laser_scan_matcher
[18.610s] -- Installing: /home/kamau/Documents/ros2_laser_odom/install/ros2_laser_scan_matcher/share/ros2_laser_scan_matcher/cmake/ros2_laser_scan_matcherConfig.cmake
[18.611s] -- Installing: /home/kamau/Documents/ros2_laser_odom/install/ros2_laser_scan_matcher/share/ros2_laser_scan_matcher/cmake/ros2_laser_scan_matcherConfig-version.cmake
[18.611s] -- Installing: /home/kamau/Documents/ros2_laser_odom/install/ros2_laser_scan_matcher/share/ros2_laser_scan_matcher/package.xml
[18.614s] Invoked command in '/home/kamau/Documents/ros2_laser_odom/build/ros2_laser_scan_matcher' returned '0': AMENT_PREFIX_PATH=/home/kamau/Documents/ros2_laser_odom/install/csm:${AMENT_PREFIX_PATH} CMAKE_PREFIX_PATH=/home/kamau/Documents/ros2_laser_odom/install/csm:/home/kamau/SLAM_WS/install/slambot_description:/home/kamau/SLAM_WS/install/cpp_pkg:/home/kamau/Documents/hiwonder/install/xarm_planner:/home/kamau/Documents/hiwonder/install/xarm_moveit_servo:/home/kamau/Documents/hiwonder/install/xarm_moveit_config:/home/kamau/Documents/hiwonder/install/xarm_gazebo:/home/kamau/Documents/hiwonder/install/xarm_controller:/home/kamau/Documents/hiwonder/install/xarm_api:/home/kamau/Documents/hiwonder/install/xarm_sdk:/home/kamau/Documents/hiwonder/install/xarm_msgs:/home/kamau/Documents/hiwonder/install/xarm_description:/home/kamau/Documents/hiwonder/install/realsense_gazebo_plugin:/home/kamau/SLAM_WS/install/my_py_pkg:/home/kamau/SLAM_WS/install/controller:/home/kamau/Documents/hiwonder/install/uf_ros_lib:/home/kamau/Documents/hiwonder/install/hiwonder_teleop:/opt/ros/humble LD_LIBRARY_PATH=/home/kamau/Documents/ros2_laser_odom/install/csm/lib:${LD_LIBRARY_PATH} /usr/bin/cmake --install /home/kamau/Documents/ros2_laser_odom/build/ros2_laser_scan_matcher
