[0.018s] Invoking command in '/home/kamau/Documents/ros2_laser_odom/build/ros2_laser_scan_matcher': CMAKE_PREFIX_PATH=${CMAKE_PREFIX_PATH}:/home/kamau/SLAM_WS/install/my_py_pkg:/home/kamau/SLAM_WS/install/controller:/home/kamau/Documents/hiwonder/install/uf_ros_lib:/home/kamau/Documents/hiwonder/install/hiwonder_teleop:/opt/ros/humble /usr/bin/cmake /home/kamau/Documents/ros2_laser_odom/ros2_laser_scan_matcher -DCMAKE_INSTALL_PREFIX=/home/kamau/Documents/ros2_laser_odom/install/ros2_laser_scan_matcher
[0.171s] -- The C compiler identification is GNU 11.4.0
[0.305s] -- The CXX compiler identification is GNU 11.4.0
[0.319s] -- Detecting C compiler ABI info
[0.407s] -- Detecting C compiler ABI info - done
[0.415s] -- Check for working C compiler: /usr/bin/cc - skipped
[0.416s] -- Detecting C compile features
[0.417s] -- Detecting C compile features - done
[0.420s] -- Detecting CXX compiler ABI info
[0.516s] -- Detecting CXX compiler ABI info - done
[0.524s] -- Check for working CXX compiler: /usr/bin/c++ - skipped
[0.525s] -- Detecting CXX compile features
[0.525s] -- Detecting CXX compile features - done
[0.538s] -- Found ament_cmake: 1.3.10 (/opt/ros/humble/share/ament_cmake/cmake)
[0.727s] -- Found Python3: /usr/bin/python3 (found version "3.10.12") found components: Interpreter 
[0.881s] -- Found sensor_msgs: 4.2.4 (/opt/ros/humble/share/sensor_msgs/cmake)
[0.958s] -- Found rosidl_generator_c: 3.1.5 (/opt/ros/humble/share/rosidl_generator_c/cmake)
[0.972s] -- Found rosidl_adapter: 3.1.5 (/opt/ros/humble/share/rosidl_adapter/cmake)
[0.990s] -- Found rosidl_generator_cpp: 3.1.5 (/opt/ros/humble/share/rosidl_generator_cpp/cmake)
[1.015s] -- Using all available rosidl_typesupport_c: rosidl_typesupport_fastrtps_c;rosidl_typesupport_introspection_c
[1.048s] -- Using all available rosidl_typesupport_cpp: rosidl_typesupport_fastrtps_cpp;rosidl_typesupport_introspection_cpp
[1.151s] -- Found rclcpp: 16.0.10 (/opt/ros/humble/share/rclcpp/cmake)
[1.233s] -- Found rmw_implementation_cmake: 6.1.2 (/opt/ros/humble/share/rmw_implementation_cmake/cmake)
[1.240s] -- Found rmw_cyclonedds_cpp: 1.3.4 (/opt/ros/humble/share/rmw_cyclonedds_cpp/cmake)
[1.290s] -- Using RMW implementation 'rmw_cyclonedds_cpp' as default
[1.310s] -- Looking for pthread.h
[1.408s] -- Looking for pthread.h - found
[1.408s] -- Performing Test CMAKE_HAVE_LIBC_PTHREAD
[1.494s] -- Performing Test CMAKE_HAVE_LIBC_PTHREAD - Success
[1.494s] -- Found Threads: TRUE  
[1.568s] -- Found nav_msgs: 4.2.4 (/opt/ros/humble/share/nav_msgs/cmake)
[1.608s] -- Found tf2_ros: 0.25.7 (/opt/ros/humble/share/tf2_ros/cmake)
[1.789s] -- Found tf2_geometry_msgs: 0.25.7 (/opt/ros/humble/share/tf2_geometry_msgs/cmake)
[1.817s] -- Found eigen3_cmake_module: 0.1.1 (/opt/ros/humble/share/eigen3_cmake_module/cmake)
[1.819s] -- Found Eigen3: TRUE (found version "3.4.0") 
[1.819s] -- Ensuring Eigen3 include directory is part of orocos-kdl CMake target
[1.826s] -- Found PkgConfig: /usr/bin/pkg-config (found version "0.29.2") 
[1.843s] [31mCMake Error at CMakeLists.txt:14 (find_package):
[1.843s]   By not providing "Findcsm.cmake" in CMAKE_MODULE_PATH this project has
[1.843s]   asked CMake to find a package configuration file provided by "csm", but
[1.843s]   CMake did not find one.
[1.843s] 
[1.843s]   Could not find a package configuration file provided by "csm" with any of
[1.844s]   the following names:
[1.844s] 
[1.844s]     csmConfig.cmake
[1.844s]     csm-config.cmake
[1.844s] 
[1.844s]   Add the installation prefix of "csm" to CMAKE_PREFIX_PATH or set "csm_DIR"
[1.844s]   to a directory containing one of the above files.  If "csm" provides a
[1.844s]   separate development package or SDK, be sure it has been installed.
[1.844s] 
[1.844s] [0m
[1.844s] -- Configuring incomplete, errors occurred!
[1.845s] See also "/home/kamau/Documents/ros2_laser_odom/build/ros2_laser_scan_matcher/CMakeFiles/CMakeOutput.log".
[1.857s] Invoked command in '/home/kamau/Documents/ros2_laser_odom/build/ros2_laser_scan_matcher' returned '1': CMAKE_PREFIX_PATH=${CMAKE_PREFIX_PATH}:/home/kamau/SLAM_WS/install/my_py_pkg:/home/kamau/SLAM_WS/install/controller:/home/kamau/Documents/hiwonder/install/uf_ros_lib:/home/kamau/Documents/hiwonder/install/hiwonder_teleop:/opt/ros/humble /usr/bin/cmake /home/kamau/Documents/ros2_laser_odom/ros2_laser_scan_matcher -DCMAKE_INSTALL_PREFIX=/home/kamau/Documents/ros2_laser_odom/install/ros2_laser_scan_matcher
