[0.335s] DEBUG:colcon:Command line arguments: ['/usr/bin/colcon', 'build']
[0.335s] DEBUG:colcon:Parsed command line arguments: Namespace(log_base=None, log_level=None, verb_name='build', build_base='build', install_base='install', merge_install=False, symlink_install=False, test_result_base=None, continue_on_error=False, executor='parallel', parallel_workers=4, event_handlers=None, ignore_user_meta=False, metas=['./colcon.meta'], base_paths=['.'], packages_ignore=None, packages_ignore_regex=None, paths=None, packages_up_to=None, packages_up_to_regex=None, packages_above=None, packages_above_and_dependencies=None, packages_above_depth=None, packages_select_by_dep=None, packages_skip_by_dep=None, packages_skip_up_to=None, packages_select_build_failed=False, packages_skip_build_finished=False, packages_select_test_failures=False, packages_skip_test_passed=False, packages_select=None, packages_skip=None, packages_select_regex=None, packages_skip_regex=None, packages_start=None, packages_end=None, allow_overriding=[], cmake_args=None, cmake_target=None, cmake_target_skip_unavailable=False, cmake_clean_cache=False, cmake_clean_first=False, cmake_force_configure=False, ament_cmake_args=None, catkin_cmake_args=None, catkin_skip_building_tests=False, mixin_files=None, mixin=None, verb_parser=<colcon_mixin.mixin.mixin_argument.MixinArgumentDecorator object at 0x76bda563f490>, verb_extension=<colcon_core.verb.build.BuildVerb object at 0x76bda563ef20>, main=<bound method BuildVerb.main of <colcon_core.verb.build.BuildVerb object at 0x76bda563ef20>>, mixin_verb=('build',))
[0.654s] Level 1:colcon.colcon_core.package_discovery:discover_packages(colcon_meta) check parameters
[0.654s] Level 1:colcon.colcon_core.package_discovery:discover_packages(recursive) check parameters
[0.654s] Level 1:colcon.colcon_core.package_discovery:discover_packages(ignore) check parameters
[0.654s] Level 1:colcon.colcon_core.package_discovery:discover_packages(path) check parameters
[0.654s] Level 1:colcon.colcon_core.package_discovery:discover_packages(colcon_meta) discover
[0.654s] Level 1:colcon.colcon_core.package_discovery:discover_packages(recursive) discover
[0.654s] INFO:colcon.colcon_core.package_discovery:Crawling recursively for packages in '/home/kamau/Documents/ros2_laser_odom'
[0.654s] Level 1:colcon.colcon_core.package_identification:_identify(.) by extensions ['ignore', 'ignore_ament_install']
[0.654s] Level 1:colcon.colcon_core.package_identification:_identify(.) by extension 'ignore'
[0.654s] Level 1:colcon.colcon_core.package_identification:_identify(.) by extension 'ignore_ament_install'
[0.654s] Level 1:colcon.colcon_core.package_identification:_identify(.) by extensions ['colcon_pkg']
[0.655s] Level 1:colcon.colcon_core.package_identification:_identify(.) by extension 'colcon_pkg'
[0.655s] Level 1:colcon.colcon_core.package_identification:_identify(.) by extensions ['colcon_meta']
[0.655s] Level 1:colcon.colcon_core.package_identification:_identify(.) by extension 'colcon_meta'
[0.655s] Level 1:colcon.colcon_core.package_identification:_identify(.) by extensions ['ros']
[0.655s] Level 1:colcon.colcon_core.package_identification:_identify(.) by extension 'ros'
[0.669s] Level 1:colcon.colcon_core.package_identification:_identify(.) by extensions ['cmake', 'python']
[0.669s] Level 1:colcon.colcon_core.package_identification:_identify(.) by extension 'cmake'
[0.669s] Level 1:colcon.colcon_core.package_identification:_identify(.) by extension 'python'
[0.669s] Level 1:colcon.colcon_core.package_identification:_identify(.) by extensions ['python_setup_py']
[0.669s] Level 1:colcon.colcon_core.package_identification:_identify(.) by extension 'python_setup_py'
[0.669s] Level 1:colcon.colcon_core.package_identification:_identify(build) by extensions ['ignore', 'ignore_ament_install']
[0.669s] Level 1:colcon.colcon_core.package_identification:_identify(build) by extension 'ignore'
[0.670s] Level 1:colcon.colcon_core.package_identification:_identify(build) ignored
[0.670s] Level 1:colcon.colcon_core.package_identification:_identify(install) by extensions ['ignore', 'ignore_ament_install']
[0.670s] Level 1:colcon.colcon_core.package_identification:_identify(install) by extension 'ignore'
[0.670s] Level 1:colcon.colcon_core.package_identification:_identify(install) ignored
[0.670s] Level 1:colcon.colcon_core.package_identification:_identify(log) by extensions ['ignore', 'ignore_ament_install']
[0.670s] Level 1:colcon.colcon_core.package_identification:_identify(log) by extension 'ignore'
[0.670s] Level 1:colcon.colcon_core.package_identification:_identify(log) ignored
[0.670s] Level 1:colcon.colcon_core.package_identification:_identify(ros2_laser_scan_matcher) by extensions ['ignore', 'ignore_ament_install']
[0.670s] Level 1:colcon.colcon_core.package_identification:_identify(ros2_laser_scan_matcher) by extension 'ignore'
[0.670s] Level 1:colcon.colcon_core.package_identification:_identify(ros2_laser_scan_matcher) by extension 'ignore_ament_install'
[0.670s] Level 1:colcon.colcon_core.package_identification:_identify(ros2_laser_scan_matcher) by extensions ['colcon_pkg']
[0.670s] Level 1:colcon.colcon_core.package_identification:_identify(ros2_laser_scan_matcher) by extension 'colcon_pkg'
[0.670s] Level 1:colcon.colcon_core.package_identification:_identify(ros2_laser_scan_matcher) by extensions ['colcon_meta']
[0.670s] Level 1:colcon.colcon_core.package_identification:_identify(ros2_laser_scan_matcher) by extension 'colcon_meta'
[0.670s] Level 1:colcon.colcon_core.package_identification:_identify(ros2_laser_scan_matcher) by extensions ['ros']
[0.670s] Level 1:colcon.colcon_core.package_identification:_identify(ros2_laser_scan_matcher) by extension 'ros'
[0.674s] DEBUG:colcon.colcon_core.package_identification:Package 'ros2_laser_scan_matcher' with type 'ros.ament_cmake' and name 'ros2_laser_scan_matcher'
[0.674s] Level 1:colcon.colcon_core.package_discovery:discover_packages(recursive) using defaults
[0.674s] Level 1:colcon.colcon_core.package_discovery:discover_packages(ignore) discover
[0.674s] Level 1:colcon.colcon_core.package_discovery:discover_packages(ignore) using defaults
[0.674s] Level 1:colcon.colcon_core.package_discovery:discover_packages(path) discover
[0.674s] Level 1:colcon.colcon_core.package_discovery:discover_packages(path) using defaults
[0.714s] Level 1:colcon.colcon_core.package_discovery:discover_packages(prefix_path) check parameters
[0.714s] Level 1:colcon.colcon_core.package_discovery:discover_packages(prefix_path) discover
[0.719s] DEBUG:colcon.colcon_installed_package_information.package_discovery:Found 12 installed packages in /home/kamau/Documents/hiwonder/install
[0.720s] DEBUG:colcon.colcon_installed_package_information.package_discovery:Found 4 installed packages in /home/kamau/SLAM_WS/install
[0.722s] DEBUG:colcon.colcon_installed_package_information.package_discovery:Found 427 installed packages in /opt/ros/humble
[0.724s] Level 1:colcon.colcon_core.package_discovery:discover_packages(prefix_path) using defaults
[0.796s] Level 5:colcon.colcon_core.verb:set package 'ros2_laser_scan_matcher' build argument 'cmake_args' from command line to 'None'
[0.796s] Level 5:colcon.colcon_core.verb:set package 'ros2_laser_scan_matcher' build argument 'cmake_target' from command line to 'None'
[0.796s] Level 5:colcon.colcon_core.verb:set package 'ros2_laser_scan_matcher' build argument 'cmake_target_skip_unavailable' from command line to 'False'
[0.796s] Level 5:colcon.colcon_core.verb:set package 'ros2_laser_scan_matcher' build argument 'cmake_clean_cache' from command line to 'False'
[0.796s] Level 5:colcon.colcon_core.verb:set package 'ros2_laser_scan_matcher' build argument 'cmake_clean_first' from command line to 'False'
[0.796s] Level 5:colcon.colcon_core.verb:set package 'ros2_laser_scan_matcher' build argument 'cmake_force_configure' from command line to 'False'
[0.796s] Level 5:colcon.colcon_core.verb:set package 'ros2_laser_scan_matcher' build argument 'ament_cmake_args' from command line to 'None'
[0.796s] Level 5:colcon.colcon_core.verb:set package 'ros2_laser_scan_matcher' build argument 'catkin_cmake_args' from command line to 'None'
[0.796s] Level 5:colcon.colcon_core.verb:set package 'ros2_laser_scan_matcher' build argument 'catkin_skip_building_tests' from command line to 'False'
[0.796s] DEBUG:colcon.colcon_core.verb:Building package 'ros2_laser_scan_matcher' with the following arguments: {'ament_cmake_args': None, 'build_base': '/home/kamau/Documents/ros2_laser_odom/build/ros2_laser_scan_matcher', 'catkin_cmake_args': None, 'catkin_skip_building_tests': False, 'cmake_args': None, 'cmake_clean_cache': False, 'cmake_clean_first': False, 'cmake_force_configure': False, 'cmake_target': None, 'cmake_target_skip_unavailable': False, 'install_base': '/home/kamau/Documents/ros2_laser_odom/install/ros2_laser_scan_matcher', 'merge_install': False, 'path': '/home/kamau/Documents/ros2_laser_odom/ros2_laser_scan_matcher', 'symlink_install': False, 'test_result_base': None}
[0.796s] INFO:colcon.colcon_core.executor:Executing jobs using 'parallel' executor
[0.797s] DEBUG:colcon.colcon_parallel_executor.executor.parallel:run_until_complete
[0.797s] INFO:colcon.colcon_ros.task.ament_cmake.build:Building ROS package in '/home/kamau/Documents/ros2_laser_odom/ros2_laser_scan_matcher' with build type 'ament_cmake'
[0.798s] INFO:colcon.colcon_cmake.task.cmake.build:Building CMake package in '/home/kamau/Documents/ros2_laser_odom/ros2_laser_scan_matcher'
[0.804s] INFO:colcon.colcon_core.plugin_system:Skipping extension 'colcon_core.shell.bat': Not used on non-Windows systems
[0.805s] INFO:colcon.colcon_core.shell:Skip shell extension 'powershell' for command environment: Not usable outside of PowerShell
[0.805s] DEBUG:colcon.colcon_core.shell:Skip shell extension 'dsv' for command environment
[0.816s] DEBUG:colcon.colcon_core.event_handler.log_command:Invoking command in '/home/kamau/Documents/ros2_laser_odom/build/ros2_laser_scan_matcher': CMAKE_PREFIX_PATH=${CMAKE_PREFIX_PATH}:/home/kamau/SLAM_WS/install/my_py_pkg:/home/kamau/SLAM_WS/install/controller:/home/kamau/Documents/hiwonder/install/uf_ros_lib:/home/kamau/Documents/hiwonder/install/hiwonder_teleop:/opt/ros/humble /usr/bin/cmake /home/kamau/Documents/ros2_laser_odom/ros2_laser_scan_matcher -DCMAKE_INSTALL_PREFIX=/home/kamau/Documents/ros2_laser_odom/install/ros2_laser_scan_matcher
[2.656s] DEBUG:colcon.colcon_core.event_handler.log_command:Invoked command in '/home/kamau/Documents/ros2_laser_odom/build/ros2_laser_scan_matcher' returned '1': CMAKE_PREFIX_PATH=${CMAKE_PREFIX_PATH}:/home/kamau/SLAM_WS/install/my_py_pkg:/home/kamau/SLAM_WS/install/controller:/home/kamau/Documents/hiwonder/install/uf_ros_lib:/home/kamau/Documents/hiwonder/install/hiwonder_teleop:/opt/ros/humble /usr/bin/cmake /home/kamau/Documents/ros2_laser_odom/ros2_laser_scan_matcher -DCMAKE_INSTALL_PREFIX=/home/kamau/Documents/ros2_laser_odom/install/ros2_laser_scan_matcher
[2.669s] Level 1:colcon.colcon_core.environment:create_environment_scripts_only(ros2_laser_scan_matcher)
[2.677s] Level 1:colcon.colcon_core.environment:checking '/home/kamau/Documents/ros2_laser_odom/install/ros2_laser_scan_matcher' for CMake module files
[2.678s] Level 1:colcon.colcon_core.environment:checking '/home/kamau/Documents/ros2_laser_odom/install/ros2_laser_scan_matcher' for CMake config files
[2.678s] Level 1:colcon.colcon_core.environment:checking '/home/kamau/Documents/ros2_laser_odom/install/ros2_laser_scan_matcher/bin'
[2.678s] Level 1:colcon.colcon_core.environment:checking '/home/kamau/Documents/ros2_laser_odom/install/ros2_laser_scan_matcher/lib/pkgconfig/ros2_laser_scan_matcher.pc'
[2.678s] Level 1:colcon.colcon_core.environment:checking '/home/kamau/Documents/ros2_laser_odom/install/ros2_laser_scan_matcher/lib/python3.10/site-packages'
[2.679s] Level 1:colcon.colcon_core.environment:checking '/home/kamau/Documents/ros2_laser_odom/install/ros2_laser_scan_matcher/bin'
[2.679s] INFO:colcon.colcon_core.shell:Creating package script '/home/kamau/Documents/ros2_laser_odom/install/ros2_laser_scan_matcher/share/ros2_laser_scan_matcher/package.ps1'
[2.681s] INFO:colcon.colcon_core.shell:Creating package descriptor '/home/kamau/Documents/ros2_laser_odom/install/ros2_laser_scan_matcher/share/ros2_laser_scan_matcher/package.dsv'
[2.681s] INFO:colcon.colcon_core.shell:Creating package script '/home/kamau/Documents/ros2_laser_odom/install/ros2_laser_scan_matcher/share/ros2_laser_scan_matcher/package.sh'
[2.682s] INFO:colcon.colcon_core.shell:Creating package script '/home/kamau/Documents/ros2_laser_odom/install/ros2_laser_scan_matcher/share/ros2_laser_scan_matcher/package.bash'
[2.683s] INFO:colcon.colcon_core.shell:Creating package script '/home/kamau/Documents/ros2_laser_odom/install/ros2_laser_scan_matcher/share/ros2_laser_scan_matcher/package.zsh'
[2.684s] Level 1:colcon.colcon_core.environment:create_file_with_runtime_dependencies(/home/kamau/Documents/ros2_laser_odom/install/ros2_laser_scan_matcher/share/colcon-core/packages/ros2_laser_scan_matcher)
[2.695s] DEBUG:colcon.colcon_parallel_executor.executor.parallel:closing loop
[2.695s] DEBUG:colcon.colcon_parallel_executor.executor.parallel:loop closed
[2.695s] DEBUG:colcon.colcon_parallel_executor.executor.parallel:run_until_complete finished with '1'
[2.695s] DEBUG:colcon.colcon_core.event_reactor:joining thread
[2.705s] INFO:colcon.colcon_core.plugin_system:Skipping extension 'colcon_notification.desktop_notification.terminal_notifier': Not used on non-Darwin systems
[2.705s] INFO:colcon.colcon_core.plugin_system:Skipping extension 'colcon_notification.desktop_notification.win32': Not used on non-Windows systems
[2.705s] INFO:colcon.colcon_notification.desktop_notification:Sending desktop notification using 'notify2'
[2.863s] DEBUG:colcon.colcon_core.event_reactor:joined thread
[2.864s] INFO:colcon.colcon_core.shell:Creating prefix script '/home/kamau/Documents/ros2_laser_odom/install/local_setup.ps1'
[2.866s] INFO:colcon.colcon_core.shell:Creating prefix util module '/home/kamau/Documents/ros2_laser_odom/install/_local_setup_util_ps1.py'
[2.869s] INFO:colcon.colcon_core.shell:Creating prefix chain script '/home/kamau/Documents/ros2_laser_odom/install/setup.ps1'
[2.872s] INFO:colcon.colcon_core.shell:Creating prefix script '/home/kamau/Documents/ros2_laser_odom/install/local_setup.sh'
[2.873s] INFO:colcon.colcon_core.shell:Creating prefix util module '/home/kamau/Documents/ros2_laser_odom/install/_local_setup_util_sh.py'
[2.873s] INFO:colcon.colcon_core.shell:Creating prefix chain script '/home/kamau/Documents/ros2_laser_odom/install/setup.sh'
[2.876s] INFO:colcon.colcon_core.shell:Creating prefix script '/home/kamau/Documents/ros2_laser_odom/install/local_setup.bash'
[2.877s] INFO:colcon.colcon_core.shell:Creating prefix chain script '/home/kamau/Documents/ros2_laser_odom/install/setup.bash'
[2.880s] INFO:colcon.colcon_core.shell:Creating prefix script '/home/kamau/Documents/ros2_laser_odom/install/local_setup.zsh'
[2.881s] INFO:colcon.colcon_core.shell:Creating prefix chain script '/home/kamau/Documents/ros2_laser_odom/install/setup.zsh'
